WordwizWordGame/app/build/outputs/logs/manifest-merger-debug-report.txt
-- Merging decision tree log ---
manifest
ADDED from src/main/AndroidManifest.xml:2:1-70:12
	package
		ADDED from src/main/AndroidManifest.xml:3:5-35
		INJECTED from src/main/AndroidManifest.xml
		INJECTED from src/main/AndroidManifest.xml
	android:versionName
		ADDED from src/main/AndroidManifest.xml:5:5-32
		INJECTED from src/main/AndroidManifest.xml
		INJECTED from src/main/AndroidManifest.xml
	android:versionCode
		ADDED from src/main/AndroidManifest.xml:4:5-28
		INJECTED from src/main/AndroidManifest.xml
		INJECTED from src/main/AndroidManifest.xml
	xmlns:android
		ADDED from src/main/AndroidManifest.xml:2:11-69
uses-sdk
ADDED from src/main/AndroidManifest.xml:6:5-44
MERGED from [com.google.android.gms:play-services-ads:9.2.1] AndroidManifest.xml:19:5-42
MERGED from [com.google.android.gms:play-services-ads-lite:9.2.1] AndroidManifest.xml:23:5-42
MERGED from [com.google.android.gms:play-services-clearcut:9.2.1] AndroidManifest.xml:18:5-42
MERGED from [com.google.android.gms:play-services-base:9.2.1] AndroidManifest.xml:18:5-42
MERGED from [com.google.android.gms:play-services-tasks:9.2.1] AndroidManifest.xml:4:5-43
MERGED from [com.google.android.gms:play-services-gass:9.2.1] AndroidManifest.xml:18:5-42
MERGED from [com.google.android.gms:play-services-basement:9.2.1] AndroidManifest.xml:18:5-42
MERGED from [com.android.support:support-v4:23.0.0] AndroidManifest.xml:20:5-43
	android:targetSdkVersion
		INJECTED from src/main/AndroidManifest.xml
		INJECTED from src/main/AndroidManifest.xml
	android:minSdkVersion
		ADDED from src/main/AndroidManifest.xml:6:15-41
		INJECTED from src/main/AndroidManifest.xml
		INJECTED from src/main/AndroidManifest.xml
application
ADDED from src/main/AndroidManifest.xml:7:5-57:19
MERGED from [com.google.android.gms:play-services-ads-lite:9.2.1] AndroidManifest.xml:24:5-32:19
MERGED from [com.google.android.gms:play-services-clearcut:9.2.1] AndroidManifest.xml:19:5-20
MERGED from [com.google.android.gms:play-services-base:9.2.1] AndroidManifest.xml:19:5-23:19
MERGED from [com.google.android.gms:play-services-tasks:9.2.1] AndroidManifest.xml:5:5-20
MERGED from [com.google.android.gms:play-services-gass:9.2.1] AndroidManifest.xml:19:5-20
MERGED from [com.google.android.gms:play-services-basement:9.2.1] AndroidManifest.xml:20:5-24:19
MERGED from [com.android.support:support-v4:23.0.0] AndroidManifest.xml:22:5-20
	android:label
		ADDED from src/main/AndroidManifest.xml:9:9-41
	android:icon
		ADDED from src/main/AndroidManifest.xml:8:9-45
meta-data#com.google.android.gms.version
ADDED from src/main/AndroidManifest.xml:10:9-11:69
MERGED from [com.google.android.gms:play-services-basement:9.2.1] AndroidManifest.xml:21:9-23:69
	android:value
		ADDED from src/main/AndroidManifest.xml:11:13-66
	android:name
		ADDED from src/main/AndroidManifest.xml:10:20-65
activity#com.deetechs.wordwiz.WordWizAppActivity
ADDED from src/main/AndroidManifest.xml:12:9-20:20
	android:screenOrientation
		ADDED from src/main/AndroidManifest.xml:15:13-49
	android:theme
		ADDED from src/main/AndroidManifest.xml:14:13-71
	android:name
		ADDED from src/main/AndroidManifest.xml:13:13-47
intent-filter#android.intent.action.MAIN+android.intent.category.LAUNCHER
ADDED from src/main/AndroidManifest.xml:16:13-19:29
action#android.intent.action.MAIN
ADDED from src/main/AndroidManifest.xml:17:17-69
	android:name
		ADDED from src/main/AndroidManifest.xml:17:25-66
category#android.intent.category.LAUNCHER
ADDED from src/main/AndroidManifest.xml:18:17-77
	android:name
		ADDED from src/main/AndroidManifest.xml:18:27-74
activity#com.deetechs.wordwiz.HowToPlayActivity
ADDED from src/main/AndroidManifest.xml:21:9-23:61
	android:screenOrientation
		ADDED from src/main/AndroidManifest.xml:23:13-49
	android:theme
		ADDED from src/main/AndroidManifest.xml:22:13-71
	android:name
		ADDED from src/main/AndroidManifest.xml:21:19-52
activity#com.deetechs.wordwiz.InstructionsActivity
ADDED from src/main/AndroidManifest.xml:24:9-26:61
	android:screenOrientation
		ADDED from src/main/AndroidManifest.xml:26:13-49
	android:theme
		ADDED from src/main/AndroidManifest.xml:25:13-71
	android:name
		ADDED from src/main/AndroidManifest.xml:24:19-55
activity#com.deetechs.wordwiz.PlayGameActivity
ADDED from src/main/AndroidManifest.xml:27:9-30:55
	android:screenOrientation
		ADDED from src/main/AndroidManifest.xml:29:13-49
	android:windowSoftInputMode
		ADDED from src/main/AndroidManifest.xml:30:13-43
	android:theme
		ADDED from src/main/AndroidManifest.xml:28:13-71
	android:name
		ADDED from src/main/AndroidManifest.xml:27:19-51
activity#com.deetechs.wordwiz.ResumePlayActivity
ADDED from src/main/AndroidManifest.xml:31:10-33:61
	android:screenOrientation
		ADDED from src/main/AndroidManifest.xml:33:13-49
	android:theme
		ADDED from src/main/AndroidManifest.xml:32:13-71
	android:name
		ADDED from src/main/AndroidManifest.xml:31:20-54
activity#com.deetechs.wordwiz.EndGameActivity
ADDED from src/main/AndroidManifest.xml:34:9-36:61
	android:screenOrientation
		ADDED from src/main/AndroidManifest.xml:36:13-49
	android:theme
		ADDED from src/main/AndroidManifest.xml:35:13-71
	android:name
		ADDED from src/main/AndroidManifest.xml:34:19-50
activity#com.deetechs.wordwiz.LevelSeparatorActivity
ADDED from src/main/AndroidManifest.xml:37:9-39:61
	android:screenOrientation
		ADDED from src/main/AndroidManifest.xml:39:13-49
	android:theme
		ADDED from src/main/AndroidManifest.xml:38:13-71
	android:name
		ADDED from src/main/AndroidManifest.xml:37:19-57
activity#com.deetechs.wordwiz.LevelSepResumeActivity
ADDED from src/main/AndroidManifest.xml:40:9-42:61
	android:screenOrientation
		ADDED from src/main/AndroidManifest.xml:42:13-49
	android:theme
		ADDED from src/main/AndroidManifest.xml:41:13-71
	android:name
		ADDED from src/main/AndroidManifest.xml:40:19-57
activity#com.deetechs.wordwiz.WrongActivity
ADDED from src/main/AndroidManifest.xml:43:10-45:61
	android:screenOrientation
		ADDED from src/main/AndroidManifest.xml:45:13-49
	android:theme
		ADDED from src/main/AndroidManifest.xml:44:13-71
	android:name
		ADDED from src/main/AndroidManifest.xml:43:20-49
activity#com.deetechs.wordwiz.WrongResumeActivity
ADDED from src/main/AndroidManifest.xml:46:10-48:61
	android:screenOrientation
		ADDED from src/main/AndroidManifest.xml:48:13-49
	android:theme
		ADDED from src/main/AndroidManifest.xml:47:13-71
	android:name
		ADDED from src/main/AndroidManifest.xml:46:20-55
activity#com.deetechs.wordwiz.OopsActivity
ADDED from src/main/AndroidManifest.xml:49:10-51:61
	android:screenOrientation
		ADDED from src/main/AndroidManifest.xml:51:13-49
	android:theme
		ADDED from src/main/AndroidManifest.xml:50:13-71
	android:name
		ADDED from src/main/AndroidManifest.xml:49:20-48
activity#com.google.android.gms.ads.AdActivity
ADDED from src/main/AndroidManifest.xml:53:9-55:64
MERGED from [com.google.android.gms:play-services-ads-lite:9.2.1] AndroidManifest.xml:26:9-29:64
	android:configChanges
		ADDED from src/main/AndroidManifest.xml:54:13-122
	android:theme
		ADDED from src/main/AndroidManifest.xml:55:13-61
	android:name
		ADDED from src/main/AndroidManifest.xml:53:19-71
uses-permission#android.permission.INTERNET
ADDED from src/main/AndroidManifest.xml:59:6-68
MERGED from [com.google.android.gms:play-services-ads-lite:9.2.1] AndroidManifest.xml:20:5-66
	android:name
		ADDED from src/main/AndroidManifest.xml:59:23-65
uses-permission#android.permission.ACCESS_COARSE_LOCATION
ADDED from src/main/AndroidManifest.xml:62:6-82
	android:name
		ADDED from src/main/AndroidManifest.xml:62:23-79
uses-permission#android.permission.ACCESS_FINE_LOCATION
ADDED from src/main/AndroidManifest.xml:63:6-80
	android:name
		ADDED from src/main/AndroidManifest.xml:63:23-77
uses-permission#android.permission.CALL_PHONE
ADDED from src/main/AndroidManifest.xml:66:5-69
	android:name
		ADDED from src/main/AndroidManifest.xml:66:22-66
uses-permission#android.permission.ACCESS_NETWORK_STATE
ADDED from src/main/AndroidManifest.xml:69:5-79
MERGED from [com.google.android.gms:play-services-ads-lite:9.2.1] AndroidManifest.xml:21:5-78
	android:name
		ADDED from src/main/AndroidManifest.xml:69:22-76
activity#com.google.android.gms.ads.purchase.InAppPurchaseActivity
ADDED from [com.google.android.gms:play-services-ads-lite:9.2.1] AndroidManifest.xml:30:9-31:52
	android:theme
		ADDED from [com.google.android.gms:play-services-ads-lite:9.2.1] AndroidManifest.xml:31:13-50
	android:name
		ADDED from [com.google.android.gms:play-services-ads-lite:9.2.1] AndroidManifest.xml:30:19-91
activity#com.google.android.gms.common.api.GoogleApiActivity
ADDED from [com.google.android.gms:play-services-base:9.2.1] AndroidManifest.xml:20:9-22:45
	android:exported
		ADDED from [com.google.android.gms:play-services-base:9.2.1] AndroidManifest.xml:22:19-43
	android:theme
		ADDED from [com.google.android.gms:play-services-base:9.2.1] AndroidManifest.xml:21:19-78
	android:name
		ADDED from [com.google.android.gms:play-services-base:9.2.1] AndroidManifest.xml:20:19-85